#
# A fatal error has been detected by the Java Runtime Environment:
#
#  EXCEPTION_ACCESS_VIOLATION (0xc0000005) at pc=0x000000007777bfbf, pid=8344, tid=10796
#
# JRE version: Java(TM) SE Runtime Environment (8.0_45-b15) (build 1.8.0_45-b15)
# Java VM: Java HotSpot(TM) 64-Bit Server VM (25.45-b02 mixed mode windows-amd64 compressed oops)
# Problematic frame:
# C  [msvcr100.dll+0x3bfbf]
#
# Failed to write core dump. Minidumps are not enabled by default on client versions of Windows
#
# If you would like to submit a bug report, please visit:
#   http://bugreport.java.com/bugreport/crash.jsp
#

---------------  T H R E A D  ---------------

Current thread (0x000000001a6c0800):  JavaThread "C1 CompilerThread3" daemon [_thread_in_vm, id=10796, stack(0x000000001af20000,0x000000001b020000)]

siginfo: ExceptionCode=0xc0000005, reading address 0x000020001c5715a0

Registers:
RAX=0x000000001c571580, RBX=0x000000001e153b70, RCX=0x000000001e153b70, RDX=0x00001ffffe41da30
RSP=0x000000001b01eaa8, RBP=0x000000001c571560, RSI=0x000000001e153b50, RDI=0x000000000000006e
R8 =0x0000000000000013, R9 =0x0000000000000002, R10=0x00007ffd0a4515c0, R11=0x000000001e153b70
R12=0x0000000000000370, R13=0x000000001bd55210, R14=0x000000001e152130, R15=0x0000000000000000
RIP=0x000000007777bfbf, EFLAGS=0x0000000000010202

Top of Stack: (sp=0x000000001b01eaa8)
0x000000001b01eaa8:   0000000076c7b67e 0000000000000000
0x000000001b01eab8:   000000001bd55260 0000000000000000
0x000000001b01eac8:   0000000000000000 000000001bd55260
0x000000001b01ead8:   000000001a6bead0 0000000000008558
0x000000001b01eae8:   000000001b01f0f8 0000000003afcfd0
0x000000001b01eaf8:   0000000076c5c61e 000000001bd55210
0x000000001b01eb08:   000000001b01f0d8 000000001b01f0f8
0x000000001b01eb18:   0000000000000000 0000000000000d53
0x000000001b01eb28:   0000000076c6a351 000000001e6a8370
0x000000001b01eb38:   0000000003afcfd0 000000000372caa0
0x000000001b01eb48:   0000000076de2fad 0000000000008558
0x000000001b01eb58:   000000000000002f 0000000000000026
0x000000001b01eb68:   000000001bd55210 0000000000000216
0x000000001b01eb78:   0000000076caf516 0000000000008558
0x000000001b01eb88:   0000000003531910 000000001b01edd8
0x000000001b01eb98:   0000000000000000 0000000000008558 

Instructions: (pc=0x000000007777bfbf)
0x000000007777bf9f:   0d 8b 04 0a 49 83 e8 04 89 01 48 83 c1 04 4d 8b
0x000000007777bfaf:   c8 49 c1 e9 05 75 51 4d 8b c8 49 c1 e9 03 74 14
0x000000007777bfbf:   48 8b 04 0a 48 89 01 48 83 c1 08 49 ff c9 75 f0
0x000000007777bfcf:   49 83 e0 07 4d 85 c0 75 08 49 8b c3 c3 0f 1f 40 


Register to memory mapping:

RAX=0x000000001c571580 is an unknown value
RBX=0x000000001e153b70 is an unknown value
RCX=0x000000001e153b70 is an unknown value
RDX=0x00001ffffe41da30 is an unknown value
RSP=0x000000001b01eaa8 is pointing into the stack for thread: 0x000000001a6c0800
RBP=0x000000001c571560 is an unknown value
RSI=0x000000001e153b50 is an unknown value
RDI=0x000000000000006e is an unknown value
R8 =0x0000000000000013 is an unknown value
R9 =0x0000000000000002 is an unknown value
R10=0x00007ffd0a4515c0 is an unknown value
R11=0x000000001e153b70 is an unknown value
R12=0x0000000000000370 is an unknown value
R13=0x000000001bd55210 is an unknown value
R14=0x000000001e152130 is an unknown value
R15=0x0000000000000000 is an unknown value


Stack: [0x000000001af20000,0x000000001b020000],  sp=0x000000001b01eaa8,  free space=1018k
Native frames: (J=compiled Java code, j=interpreted, Vv=VM code, C=native code)
C  [msvcr100.dll+0x3bfbf]
V  [jvm.dll+0xab67e]
V  [jvm.dll+0x8c61e]
V  [jvm.dll+0x9a351]
V  [jvm.dll+0x9be02]
V  [jvm.dll+0x3042e]
V  [jvm.dll+0x4053d9]
V  [jvm.dll+0x406394]
V  [jvm.dll+0x406541]
V  [jvm.dll+0x40674f]
V  [jvm.dll+0xa4352]
V  [jvm.dll+0xa4c8f]
V  [jvm.dll+0x241984]
V  [jvm.dll+0x29853a]
C  [msvcr100.dll+0x21d9f]
C  [msvcr100.dll+0x21e3b]
C  [KERNEL32.DLL+0x8364]
C  [ntdll.dll+0x670d1]


Current CompileTask:
C1:  11762 3411       3       com.sun.org.apache.xerces.internal.impl.XMLScanner::scanAttributeValue (997 bytes)


---------------  P R O C E S S  ---------------

Java Threads: ( => current thread )
  0x000000001c5ad800 JavaThread "localhost-startStop-1" daemon [_thread_blocked, id=3508, stack(0x000000001f2a0000,0x000000001f3a0000)]
  0x000000001cb4f800 JavaThread "Tomcat-startStop-1" daemon [_thread_blocked, id=3588, stack(0x000000001f1a0000,0x000000001f2a0000)]
  0x000000001b62b800 JavaThread "Monitor Ctrl-Break" daemon [_thread_in_native, id=11460, stack(0x000000001bab0000,0x000000001bbb0000)]
  0x000000001a75d000 JavaThread "Service Thread" daemon [_thread_blocked, id=7988, stack(0x000000001b020000,0x000000001b120000)]
=>0x000000001a6c0800 JavaThread "C1 CompilerThread3" daemon [_thread_in_vm, id=10796, stack(0x000000001af20000,0x000000001b020000)]
  0x000000001a6b2000 JavaThread "C2 CompilerThread2" daemon [_thread_in_vm, id=12892, stack(0x000000001ae20000,0x000000001af20000)]
  0x000000001864a000 JavaThread "C2 CompilerThread1" daemon [_thread_blocked, id=12580, stack(0x000000001ad20000,0x000000001ae20000)]
  0x000000001a6af800 JavaThread "C2 CompilerThread0" daemon [_thread_in_vm, id=12368, stack(0x000000001ac20000,0x000000001ad20000)]
  0x000000001a6ae800 JavaThread "Attach Listener" daemon [_thread_blocked, id=3996, stack(0x000000001ab20000,0x000000001ac20000)]
  0x000000001a663000 JavaThread "Signal Dispatcher" daemon [_thread_blocked, id=2516, stack(0x000000001aa20000,0x000000001ab20000)]
  0x000000001863e000 JavaThread "Finalizer" daemon [_thread_blocked, id=5580, stack(0x000000001a520000,0x000000001a620000)]
  0x000000001863c800 JavaThread "Reference Handler" daemon [_thread_blocked, id=11284, stack(0x000000001a420000,0x000000001a520000)]
  0x0000000003546000 JavaThread "main" [_thread_blocked, id=12856, stack(0x0000000003380000,0x0000000003480000)]

Other Threads:
  0x0000000018638800 VMThread [stack: 0x000000001a320000,0x000000001a420000] [id=7652]
  0x000000001a767000 WatcherThread [stack: 0x000000001b120000,0x000000001b220000] [id=8536]

VM state:not at safepoint (normal execution)

VM Mutex/Monitor currently owned by a thread:  ([mutex/lock_event])
[0x0000000003542670] CodeCache_lock - owner thread: 0x000000001a6c0800
[0x00000000035449d0] Compile_lock - owner thread: 0x000000001a6c0800
[0x0000000003543d50] MethodCompileQueue_lock - owner thread: 0x000000001a6c0800

Heap:
 PSYoungGen      total 174080K, used 24334K [0x00000000d5980000, 0x00000000e3200000, 0x0000000100000000)
  eden space 165888K, 9% used [0x00000000d5980000,0x00000000d6944030,0x00000000dfb80000)
  from space 8192K, 99% used [0x00000000e0580000,0x00000000e0d7f920,0x00000000e0d80000)
  to   space 10240K, 0% used [0x00000000dfb80000,0x00000000dfb80000,0x00000000e0580000)
 ParOldGen       total 55296K, used 9414K [0x0000000080c00000, 0x0000000084200000, 0x00000000d5980000)
  object space 55296K, 17% used [0x0000000080c00000,0x00000000815318f0,0x0000000084200000)
 Metaspace       used 30102K, capacity 30428K, committed 30720K, reserved 1077248K
  class space    used 3713K, capacity 3803K, committed 3840K, reserved 1048576K

Card table byte_map: [0x0000000012a00000,0x0000000012e00000] byte_map_base: 0x00000000125fa000

Marking Bits: (ParMarkBitMap*) 0x00000000773d4040
 Begin Bits: [0x00000000138b0000, 0x0000000015880000)
 End Bits:   [0x0000000015880000, 0x0000000017850000)

Polling page: 0x0000000003480000

CodeCache: size=245760Kb used=11785Kb max_used=12006Kb free=233974Kb
 bounds [0x0000000003640000, 0x0000000004210000, 0x0000000012640000]
 total_blobs=3563 nmethods=3160 adapters=314
 compilation: enabled

Compilation events (10 events):
Event: 11.661 Thread 0x000000001a6c0800 nmethod 3404 0x00000000038c04d0 code [0x00000000038c0620, 0x00000000038c0730]
Event: 11.661 Thread 0x000000001a6c0800 3409       3       java.util.concurrent.locks.AbstractQueuedSynchronizer::doReleaseShared (79 bytes)
Event: 11.662 Thread 0x000000001a6c0800 nmethod 3409 0x00000000037b5910 code [0x00000000037b5ac0, 0x00000000037b6088]
Event: 11.662 Thread 0x000000001a6c0800 3401       3       java.util.concurrent.locks.ReentrantReadWriteLock$Sync::<init> (29 bytes)
Event: 11.663 Thread 0x000000001a6c0800 nmethod 3401 0x0000000003ac7350 code [0x0000000003ac7500, 0x0000000003ac7bd0]
Event: 11.663 Thread 0x000000001a6c0800 3402       3       java.util.concurrent.locks.ReentrantReadWriteLock$Sync$ThreadLocalHoldCounter::<init> (5 bytes)
Event: 11.663 Thread 0x000000001a6c0800 nmethod 3402 0x0000000003920cd0 code [0x0000000003920e40, 0x00000000039211b0]
Event: 11.668 Thread 0x000000001a6c0800 3410       3       com.sun.org.apache.xerces.internal.util.ParserConfigurationSettings::getFeature (20 bytes)
Event: 11.668 Thread 0x000000001a6c0800 nmethod 3410 0x0000000003b33d50 code [0x0000000003b33ec0, 0x0000000003b34228]
Event: 11.668 Thread 0x000000001a6c0800 3411       3       com.sun.org.apache.xerces.internal.impl.XMLScanner::scanAttributeValue (997 bytes)

GC Heap History (10 events):
Event: 7.218 GC heap before
{Heap before GC invocations=5 (full 0):
 PSYoungGen      total 71680K, used 49527K [0x00000000d5980000, 0x00000000da480000, 0x0000000100000000)
  eden space 66560K, 66% used [0x00000000d5980000,0x00000000d84e4e20,0x00000000d9a80000)
  from space 5120K, 99% used [0x00000000d9f80000,0x00000000da479098,0x00000000da480000)
  to   space 5120K, 0% used [0x00000000d9a80000,0x00000000d9a80000,0x00000000d9f80000)
 ParOldGen       total 87552K, used 1946K [0x0000000080c00000, 0x0000000086180000, 0x00000000d5980000)
  object space 87552K, 2% used [0x0000000080c00000,0x0000000080de6bc8,0x0000000086180000)
 Metaspace       used 20901K, capacity 21138K, committed 21296K, reserved 1069056K
  class space    used 2551K, capacity 2628K, committed 2688K, reserved 1048576K
Event: 7.234 GC heap after
Heap after GC invocations=5 (full 0):
 PSYoungGen      total 71680K, used 5119K [0x00000000d5980000, 0x00000000deb80000, 0x0000000100000000)
  eden space 66560K, 0% used [0x00000000d5980000,0x00000000d5980000,0x00000000d9a80000)
  from space 5120K, 99% used [0x00000000d9a80000,0x00000000d9f7ff08,0x00000000d9f80000)
  to   space 8192K, 0% used [0x00000000de380000,0x00000000de380000,0x00000000deb80000)
 ParOldGen       total 87552K, used 4231K [0x0000000080c00000, 0x0000000086180000, 0x00000000d5980000)
  object space 87552K, 4% used [0x0000000080c00000,0x0000000081021c30,0x0000000086180000)
 Metaspace       used 20901K, capacity 21138K, committed 21296K, reserved 1069056K
  class space    used 2551K, capacity 2628K, committed 2688K, reserved 1048576K
}
Event: 7.234 GC heap before
{Heap before GC invocations=6 (full 1):
 PSYoungGen      total 71680K, used 5119K [0x00000000d5980000, 0x00000000deb80000, 0x0000000100000000)
  eden space 66560K, 0% used [0x00000000d5980000,0x00000000d5980000,0x00000000d9a80000)
  from space 5120K, 99% used [0x00000000d9a80000,0x00000000d9f7ff08,0x00000000d9f80000)
  to   space 8192K, 0% used [0x00000000de380000,0x00000000de380000,0x00000000deb80000)
 ParOldGen       total 87552K, used 4231K [0x0000000080c00000, 0x0000000086180000, 0x00000000d5980000)
  object space 87552K, 4% used [0x0000000080c00000,0x0000000081021c30,0x0000000086180000)
 Metaspace       used 20901K, capacity 21138K, committed 21296K, reserved 1069056K
  class space    used 2551K, capacity 2628K, committed 2688K, reserved 1048576K
Event: 7.296 GC heap after
Heap after GC invocations=6 (full 1):
 PSYoungGen      total 71680K, used 0K [0x00000000d5980000, 0x00000000deb80000, 0x0000000100000000)
  eden space 66560K, 0% used [0x00000000d5980000,0x00000000d5980000,0x00000000d9a80000)
  from space 5120K, 0% used [0x00000000d9a80000,0x00000000d9a80000,0x00000000d9f80000)
  to   space 8192K, 0% used [0x00000000de380000,0x00000000de380000,0x00000000deb80000)
 ParOldGen       total 55296K, used 7269K [0x0000000080c00000, 0x0000000084200000, 0x00000000d5980000)
  object space 55296K, 13% used [0x0000000080c00000,0x0000000081319588,0x0000000084200000)
 Metaspace       used 20901K, capacity 21138K, committed 21296K, reserved 1069056K
  class space    used 2551K, capacity 2628K, committed 2688K, reserved 1048576K
}
Event: 9.045 GC heap before
{Heap before GC invocations=7 (full 1):
 PSYoungGen      total 71680K, used 66560K [0x00000000d5980000, 0x00000000deb80000, 0x0000000100000000)
  eden space 66560K, 100% used [0x00000000d5980000,0x00000000d9a80000,0x00000000d9a80000)
  from space 5120K, 0% used [0x00000000d9a80000,0x00000000d9a80000,0x00000000d9f80000)
  to   space 8192K, 0% used [0x00000000de380000,0x00000000de380000,0x00000000deb80000)
 ParOldGen       total 55296K, used 7269K [0x0000000080c00000, 0x0000000084200000, 0x00000000d5980000)
  object space 55296K, 13% used [0x0000000080c00000,0x0000000081319588,0x0000000084200000)
 Metaspace       used 23280K, capacity 23594K, committed 23808K, reserved 1071104K
  class space    used 2859K, capacity 2952K, committed 3072K, reserved 1048576K
Event: 9.052 GC heap after
Heap after GC invocations=7 (full 1):
 PSYoungGen      total 111104K, used 4215K [0x00000000d5980000, 0x00000000de800000, 0x0000000100000000)
  eden space 106496K, 0% used [0x00000000d5980000,0x00000000d5980000,0x00000000dc180000)
  from space 4608K, 91% used [0x00000000de380000,0x00000000de79dcd8,0x00000000de800000)
  to   space 8192K, 0% used [0x00000000dd800000,0x00000000dd800000,0x00000000de000000)
 ParOldGen       total 55296K, used 7277K [0x0000000080c00000, 0x0000000084200000, 0x00000000d5980000)
  object space 55296K, 13% used [0x0000000080c00000,0x000000008131b588,0x0000000084200000)
 Metaspace       used 23280K, capacity 23594K, committed 23808K, reserved 1071104K
  class space    used 2859K, capacity 2952K, committed 3072K, reserved 1048576K
}
Event: 9.806 GC heap before
{Heap before GC invocations=8 (full 1):
 PSYoungGen      total 111104K, used 110711K [0x00000000d5980000, 0x00000000de800000, 0x0000000100000000)
  eden space 106496K, 100% used [0x00000000d5980000,0x00000000dc180000,0x00000000dc180000)
  from space 4608K, 91% used [0x00000000de380000,0x00000000de79dcd8,0x00000000de800000)
  to   space 8192K, 0% used [0x00000000dd800000,0x00000000dd800000,0x00000000de000000)
 ParOldGen       total 55296K, used 7277K [0x0000000080c00000, 0x0000000084200000, 0x00000000d5980000)
  object space 55296K, 13% used [0x0000000080c00000,0x000000008131b588,0x0000000084200000)
 Metaspace       used 23914K, capacity 24212K, committed 24576K, reserved 1071104K
  class space    used 2937K, capacity 3023K, committed 3072K, reserved 1048576K
Event: 9.813 GC heap after
Heap after GC invocations=8 (full 1):
 PSYoungGen      total 137728K, used 4571K [0x00000000d5980000, 0x00000000e0d80000, 0x0000000100000000)
  eden space 129536K, 0% used [0x00000000d5980000,0x00000000d5980000,0x00000000dd800000)
  from space 8192K, 55% used [0x00000000dd800000,0x00000000ddc76ee0,0x00000000de000000)
  to   space 8192K, 0% used [0x00000000e0580000,0x00000000e0580000,0x00000000e0d80000)
 ParOldGen       total 55296K, used 7285K [0x0000000080c00000, 0x0000000084200000, 0x00000000d5980000)
  object space 55296K, 13% used [0x0000000080c00000,0x000000008131d588,0x0000000084200000)
 Metaspace       used 23914K, capacity 24212K, committed 24576K, reserved 1071104K
  class space    used 2937K, capacity 3023K, committed 3072K, reserved 1048576K
}
Event: 11.414 GC heap before
{Heap before GC invocations=9 (full 1):
 PSYoungGen      total 137728K, used 134107K [0x00000000d5980000, 0x00000000e0d80000, 0x0000000100000000)
  eden space 129536K, 100% used [0x00000000d5980000,0x00000000dd800000,0x00000000dd800000)
  from space 8192K, 55% used [0x00000000dd800000,0x00000000ddc76ee0,0x00000000de000000)
  to   space 8192K, 0% used [0x00000000e0580000,0x00000000e0580000,0x00000000e0d80000)
 ParOldGen       total 55296K, used 7285K [0x0000000080c00000, 0x0000000084200000, 0x00000000d5980000)
  object space 55296K, 13% used [0x0000000080c00000,0x000000008131d588,0x0000000084200000)
 Metaspace       used 28497K, capacity 28828K, committed 29056K, reserved 1075200K
  class space    used 3507K, capacity 3611K, committed 3712K, reserved 1048576K
Event: 11.426 GC heap after
Heap after GC invocations=9 (full 1):
 PSYoungGen      total 174080K, used 8190K [0x00000000d5980000, 0x00000000e3200000, 0x0000000100000000)
  eden space 165888K, 0% used [0x00000000d5980000,0x00000000d5980000,0x00000000dfb80000)
  from space 8192K, 99% used [0x00000000e0580000,0x00000000e0d7f920,0x00000000e0d80000)
  to   space 10240K, 0% used [0x00000000dfb80000,0x00000000dfb80000,0x00000000e0580000)
 ParOldGen       total 55296K, used 9414K [0x0000000080c00000, 0x0000000084200000, 0x00000000d5980000)
  object space 55296K, 17% used [0x0000000080c00000,0x00000000815318f0,0x0000000084200000)
 Metaspace       used 28497K, capacity 28828K, committed 29056K, reserved 1075200K
  class space    used 3507K, capacity 3611K, committed 3712K, reserved 1048576K
}

Deoptimization events (10 events):
Event: 10.409 Thread 0x0000000003546000 Uncommon trap: reason=unstable_if action=reinterpret pc=0x000000000394d65c method=java.util.LinkedList.node(I)Ljava/util/LinkedList$Node; @ 49
Event: 11.017 Thread 0x0000000003546000 Uncommon trap: reason=unstable_if action=reinterpret pc=0x0000000003e88b5c method=java.io.WinNTFileSystem.isLetter(C)Z @ 3
Event: 11.050 Thread 0x0000000003546000 Uncommon trap: reason=unstable_if action=reinterpret pc=0x0000000003a015c4 method=org.springframework.boot.bind.DefaultPropertyNamePatternsMatcher.matches(Ljava/lang/String;)Z @ 213
Event: 11.162 Thread 0x0000000003546000 Uncommon trap: reason=unstable_if action=reinterpret pc=0x000000000413eb18 method=org.springframework.core.ResolvableType.resolve(Ljava/lang/Class;)Ljava/lang/Class; @ 4
Event: 11.195 Thread 0x0000000003546000 Uncommon trap: reason=class_check action=maybe_recompile pc=0x0000000003b4a794 method=java.util.AbstractList$Itr.hasNext()Z @ 8
Event: 11.195 Thread 0x0000000003546000 Uncommon trap: reason=class_check action=maybe_recompile pc=0x00000000039ac584 method=java.util.AbstractList$Itr.next()Ljava/lang/Object; @ 14
Event: 11.200 Thread 0x0000000003546000 Uncommon trap: reason=unstable_if action=reinterpret pc=0x00000000037c99dc method=sun.nio.cs.UTF_8$Encoder.encode([CII[B)I @ 33
Event: 11.328 Thread 0x0000000003546000 Uncommon trap: reason=unstable_if action=reinterpret pc=0x0000000003c94c88 method=java.util.LinkedHashMap.get(Ljava/lang/Object;)Ljava/lang/Object; @ 20
Event: 11.352 Thread 0x0000000003546000 Uncommon trap: reason=unstable_if action=reinterpret pc=0x000000000393c0f8 method=java.util.Properties.loadConvert([CII[C)Ljava/lang/String; @ 57
Event: 11.362 Thread 0x0000000003546000 Uncommon trap: reason=unstable_if action=reinterpret pc=0x00000000041ea008 method=java.util.Properties.load0(Ljava/util/Properties$LineReader;)V @ 161

Internal exceptions (10 events):
Event: 11.148 Thread 0x0000000003546000 Exception <a 'java/lang/ClassNotFoundException': org/springframework/boot/autoconfigure/web/ErrorViewResolverCustomizer> (0x00000000dcd63100) thrown at [C:\re\workspace\8-2-build-windows-amd64-cygwin\jdk8u45\3627\hotspot\src\share\vm\classfile\systemDictioÀRÜkAL&@
Event: 11.149 Thread 0x0000000003546000 Exception <a 'java/lang/ClassNotFoundException': org/springframework/core/OrderedCustomizer> (0x00000000dcd7ed00) thrown at [C:\re\workspace\8-2-build-windows-amd64-cygwin\jdk8u45\3627\hotspot\src\share\vm\classfile\systemDictionary.cpp, line 210]
Event: 11.165 Thread 0x0000000003546000 Exception <a 'java/lang/ClassNotFoundException': java/lang/ObjectCustomizer> (0x00000000dce45ac0) thrown at [C:\re\workspace\8-2-build-windows-amd64-cygwin\jdk8u45\3627\hotspot\src\share\vm\classfile\systemDictionary.cpp, line 210]
Event: 11.166 Thread 0x0000000003546000 Exception <a 'java/lang/ClassNotFoundException': org/springframework/boot/autoconfigure/web/ErrorMvcAutoConfigurationCustomizer> (0x00000000dce701c0) thrown at [C:\re\workspace\8-2-build-windows-amd64-cygwin\jdk8u45\3627\hotspot\src\share\vm\classfile\systå­ÂwU&@
Event: 11.167 Thread 0x0000000003546000 Exception <a 'java/lang/ClassNotFoundException': org/springframework/boot/autoconfigure/web/ErrorMvcAutoConfiguration$$EnhancerBySpringCGLIB$$fc7606bbCustomizer> (0x00000000dcea6a70) thrown at [C:\re\workspace\8-2-build-windows-amd64-cygwin\jdk8u45\3627\hoRè´ V&@
Event: 11.168 Thread 0x0000000003546000 Exception <a 'java/lang/ClassNotFoundException': org/springframework/context/annotation/ConfigurationClassEnhancer$EnhancedConfigurationCustomizer> (0x00000000dcedded8) thrown at [C:\re\workspace\8-2-build-windows-amd64-cygwin\jdk8u45\3627\hotspot\src\shar–²S¶ƒ[&@
Event: 11.179 Thread 0x0000000003546000 Exception <a 'java/lang/ClassNotFoundException': java/lang/ObjectCustomizer> (0x00000000dcf7aec0) thrown at [C:\re\workspace\8-2-build-windows-amd64-cygwin\jdk8u45\3627\hotspot\src\share\vm\classfile\systemDictionary.cpp, line 210]
Event: 11.181 Thread 0x0000000003546000 Exception <a 'java/lang/ClassNotFoundException': org/springframework/boot/autoconfigure/web/ErrorMvcAutoConfiguration$ErrorPageCustomizerCustomizer> (0x00000000dcfac2c8) thrown at [C:\re\workspace\8-2-build-windows-amd64-cygwin\jdk8u45\3627\hotspot\src\shabÆ1^&@
Event: 11.184 Thread 0x0000000003546000 Exception <a 'java/lang/ClassNotFoundException': org/springframework/boot/web/servlet/ErrorPageRegistrarCustomizer> (0x00000000dcfd1d40) thrown at [C:\re\workspace\8-2-build-windows-amd64-cygwin\jdk8u45\3627\hotspot\src\share\vm\classfile\systemDictionary.
Event: 11.186 Thread 0x0000000003546000 Exception <a 'java/lang/ClassNotFoundException': org/springframework/core/OrderedCustomizer> (0x00000000dcfeabd0) thrown at [C:\re\workspace\8-2-build-windows-amd64-cygwin\jdk8u45\3627\hotspot\src\share\vm\classfile\systemDictionary.cpp, line 210]

Events (10 events):
Event: 11.672 Executing VM operation: Deoptimize
Event: 11.672 Executing VM operation: Deoptimize done
Event: 11.672 loading class org/apache/catalina/webresources/ClasspathURLStreamHandler
Event: 11.672 loading class org/apache/catalina/webresources/ClasspathURLStreamHandler done
Event: 11.673 loading class org/apache/catalina/webresources/DirResourceSet
Event: 11.673 loading class org/apache/catalina/webresources/DirResourceSet done
Event: 11.674 loading class org/apache/catalina/webresources/AbstractFileResourceSet
Event: 11.674 loading class org/apache/catalina/webresources/AbstractFileResourceSet done
Event: 11.674 loading class org/apache/catalina/webresources/AbstractResourceSet
Event: 11.674 loading class org/apache/catalina/webresources/AbstractResourceSet done


Dynamic libraries:
0x00007ff67ad00000 - 0x00007ff67ad37000 	D:\SDK\Java\jdk1.8.0_45\bin\java.exe
0x00007ffd0a340000 - 0x00007ffd0a511000 	C:\WINDOWS\SYSTEM32\ntdll.dll
0x00007ffd0a180000 - 0x00007ffd0a22c000 	C:\WINDOWS\System32\KERNEL32.DLL
0x00007ffd06bb0000 - 0x00007ffd06dcd000 	C:\WINDOWS\System32\KERNELBASE.dll
0x00007ffd08340000 - 0x00007ffd083e2000 	C:\WINDOWS\System32\ADVAPI32.dll
0x00007ffd08170000 - 0x00007ffd0820e000 	C:\WINDOWS\System32\msvcrt.dll
0x00007ffd084a0000 - 0x00007ffd084f9000 	C:\WINDOWS\System32\sechost.dll
0x00007ffd078d0000 - 0x00007ffd079f1000 	C:\WINDOWS\System32\RPCRT4.dll
0x00007ffd08500000 - 0x00007ffd08665000 	C:\WINDOWS\System32\USER32.dll
0x00007ffd06a70000 - 0x00007ffd06a8e000 	C:\WINDOWS\System32\win32u.dll
0x00007ffd0a290000 - 0x00007ffd0a2c4000 	C:\WINDOWS\System32\GDI32.dll
0x00007ffd07700000 - 0x00007ffd07880000 	C:\WINDOWS\System32\gdi32full.dll
0x00007ffcffcc0000 - 0x00007ffcfff3a000 	C:\WINDOWS\WinSxS\amd64_microsoft.windows.common-controls_6595b64144ccf1df_6.0.14393.953_none_42151e83c686086b\COMCTL32.dll
0x00007ffd07ea0000 - 0x00007ffd08168000 	C:\WINDOWS\System32\combase.dll
0x00007ffd07600000 - 0x00007ffd076f5000 	C:\WINDOWS\System32\ucrtbase.dll
0x00007ffd06b40000 - 0x00007ffd06baa000 	C:\WINDOWS\System32\bcryptPrimitives.dll
0x00007ffd08210000 - 0x00007ffd0823e000 	C:\WINDOWS\System32\IMM32.DLL
0x0000000077740000 - 0x0000000077812000 	D:\SDK\Java\jdk1.8.0_45\jre\bin\msvcr100.dll
0x0000000076bd0000 - 0x0000000077453000 	D:\SDK\Java\jdk1.8.0_45\jre\bin\server\jvm.dll
0x00007ffd08490000 - 0x00007ffd08498000 	C:\WINDOWS\System32\PSAPI.DLL
0x00007ffd047b0000 - 0x00007ffd047d3000 	C:\WINDOWS\SYSTEM32\WINMM.dll
0x00007ffd02bf0000 - 0x00007ffd02bfa000 	C:\WINDOWS\SYSTEM32\VERSION.dll
0x00007ffcf0260000 - 0x00007ffcf0269000 	C:\WINDOWS\SYSTEM32\WSOCK32.dll
0x00007ffd08670000 - 0x00007ffd086da000 	C:\WINDOWS\System32\WS2_32.dll
0x00000000018f0000 - 0x000000000191b000 	C:\WINDOWS\SYSTEM32\WINMMBASE.dll
0x00007ffd07880000 - 0x00007ffd078c2000 	C:\WINDOWS\System32\cfgmgr32.dll
0x00000000779c0000 - 0x00000000779cf000 	D:\SDK\Java\jdk1.8.0_45\jre\bin\verify.dll
0x0000000077710000 - 0x0000000077739000 	D:\SDK\Java\jdk1.8.0_45\jre\bin\java.dll
0x00000000776f0000 - 0x0000000077706000 	D:\SDK\Java\jdk1.8.0_45\jre\bin\zip.dll
0x00007ffd08c70000 - 0x00007ffd0a178000 	C:\WINDOWS\System32\SHELL32.dll
0x00007ffd06f20000 - 0x00007ffd075fa000 	C:\WINDOWS\System32\windows.storage.dll
0x00007ffd067d0000 - 0x00007ffd0681c000 	C:\WINDOWS\System32\powrprof.dll
0x00007ffd0a2d0000 - 0x00007ffd0a322000 	C:\WINDOWS\System32\shlwapi.dll
0x00007ffd067c0000 - 0x00007ffd067cf000 	C:\WINDOWS\System32\kernel.appcore.dll
0x00007ffd06dd0000 - 0x00007ffd06e79000 	C:\WINDOWS\System32\shcore.dll
0x00007ffd06820000 - 0x00007ffd06834000 	C:\WINDOWS\System32\profapi.dll
0x00007ffd038c0000 - 0x00007ffd038d0000 	E:\win10\IntelliJ IDEA 2016.3.2\bin\breakgen64.dll
0x00000000776d0000 - 0x00000000776ea000 	D:\SDK\Java\jdk1.8.0_45\jre\bin\net.dll
0x00007ffd060e0000 - 0x00007ffd0613c000 	C:\WINDOWS\system32\mswsock.dll
0x00007ffd05e00000 - 0x00007ffd05e38000 	C:\WINDOWS\SYSTEM32\IPHLPAPI.DLL
0x00007ffd0a330000 - 0x00007ffd0a338000 	C:\WINDOWS\System32\NSI.dll
0x00007ffd00750000 - 0x00007ffd00766000 	C:\WINDOWS\SYSTEM32\dhcpcsvc6.DLL
0x00007ffd00830000 - 0x00007ffd0084a000 	C:\WINDOWS\SYSTEM32\dhcpcsvc.DLL
0x00007ffd05e40000 - 0x00007ffd05ee1000 	C:\WINDOWS\SYSTEM32\DNSAPI.dll
0x00007ffcfb700000 - 0x00007ffcfb70a000 	C:\Windows\System32\rasadhlp.dll
0x00007ffcffaf0000 - 0x00007ffcffb5a000 	C:\WINDOWS\System32\fwpuclnt.dll
0x00007ffd066f0000 - 0x00007ffd0671b000 	C:\WINDOWS\SYSTEM32\bcrypt.dll
0x00000000776a0000 - 0x00000000776ad000 	D:\SDK\Java\jdk1.8.0_45\jre\bin\management.dll
0x00007ffcf5430000 - 0x00007ffcf5446000 	C:\WINDOWS\system32\napinsp.dll
0x00007ffcf5410000 - 0x00007ffcf542a000 	C:\WINDOWS\system32\pnrpnsp.dll
0x00007ffd045c0000 - 0x00007ffd045d8000 	C:\WINDOWS\system32\NLAapi.dll
0x00007ffcf5400000 - 0x00007ffcf540e000 	C:\WINDOWS\System32\winrnr.dll
0x00000000776b0000 - 0x00000000776c1000 	D:\SDK\Java\jdk1.8.0_45\jre\bin\nio.dll
0x00007ffd06280000 - 0x00007ffd06297000 	C:\WINDOWS\SYSTEM32\CRYPTSP.dll
0x00007ffd05c80000 - 0x00007ffd05cb3000 	C:\WINDOWS\system32\rsaenh.dll
0x00007ffd05f10000 - 0x00007ffd05f2f000 	C:\WINDOWS\SYSTEM32\USERENV.dll
0x00007ffd062a0000 - 0x00007ffd062ab000 	C:\WINDOWS\SYSTEM32\CRYPTBASE.dll
0x00007ffcf8c80000 - 0x00007ffcf8e12000 	C:\WINDOWS\SYSTEM32\dbghelp.dll

VM Arguments:
jvm_args: -Dspring.output.ansi.enabled=always -Didea.launcher.port=7534 -Didea.launcher.bin.path=E:\win10\IntelliJ IDEA 2016.3.2\bin -Dfile.encoding=UTF-8 
java_command: com.intellij.rt.execution.application.AppMain com.learn.cloud.EruekaClientApplication
java_class_path (initial): D:\SDK\Java\jdk1.8.0_45\jre\lib\charsets.jar;D:\SDK\Java\jdk1.8.0_45\jre\lib\deploy.jar;D:\SDK\Java\jdk1.8.0_45\jre\lib\ext\access-bridge-64.jar;D:\SDK\Java\jdk1.8.0_45\jre\lib\ext\cldrdata.jar;D:\SDK\Java\jdk1.8.0_45\jre\lib\ext\dnsns.jar;D:\SDK\Java\jdk1.8.0_45\jre\lib\ext\jaccess.jar;D:\SDK\Java\jdk1.8.0_45\jre\lib\ext\jfxrt.jar;D:\SDK\Java\jdk1.8.0_45\jre\lib\ext\localedata.jar;D:\SDK\Java\jdk1.8.0_45\jre\lib\ext\nashorn.jar;D:\SDK\Java\jdk1.8.0_45\jre\lib\ext\sunec.jar;D:\SDK\Java\jdk1.8.0_45\jre\lib\ext\sunjce_provider.jar;D:\SDK\Java\jdk1.8.0_45\jre\lib\ext\sunmscapi.jar;D:\SDK\Java\jdk1.8.0_45\jre\lib\ext\sunpkcs11.jar;D:\SDK\Java\jdk1.8.0_45\jre\lib\ext\zipfs.jar;D:\SDK\Java\jdk1.8.0_45\jre\lib\javaws.jar;D:\SDK\Java\jdk1.8.0_45\jre\lib\jce.jar;D:\SDK\Java\jdk1.8.0_45\jre\lib\jfr.jar;D:\SDK\Java\jdk1.8.0_45\jre\lib\jfxswt.jar;D:\SDK\Java\jdk1.8.0_45\jre\lib\jsse.jar;D:\SDK\Java\jdk1.8.0_45\jre\lib\management-agent.jar;D:\SDK\Java\jdk1.8.0_45\jre\lib\plugin.jar;D:\SDK\Java\jdk1.8.0_45\jre\lib\resources.jar;D:\SDK\Java\jdk1.8.0_45\jre\lib\rt.jar;G:\profession\spring_cloud\erueka-client-test\target\classes;C:\Users\Ë§\.m2\repository\org\springframework\cloud\spring-cloud-starter-eureka-server\1.3.1.RELEASE\spring-cloud-starter-eureka-server-1.3.1.RELEASE.jar;C:\Users\Ë§\.m2\repository\org\springframework\cloud\spring-cloud-starter\1.2.2.RELEASE\spring-cloud-starter-1.2.2.RELEASE.jar;C:\Users\Ë§\.m2\repository\org\springframework\boot\spring-boot-starter\1.5.4.RELEASE\spring-boot-starter-1.5.4.RELEASE.jar;C:\Users\Ë§\.m2\repository\org\springframework\boot\spring-boot-starter-logging\1.5.4.RELEASE\spring-boot-starter-logging-1.5.4.RELEASE.jar;C:\Users\Ë§\.m2\repository\ch\qos\logback\logback-classic\1.1.11\logback-classic-1.1.11.jar;C:\Users\Ë§\.m2\repository\ch\qos\logback\logback-core\1.1.11\logback-core-1.1.11.jar;C:\Users\Ë§\.m2\repository\org\slf4j\jcl-over-slf4j\1.7.25\jcl-over-slf4j-1.7.25.jar;C:\Users\Ë§\.m2\repository\org\s
Launcher Type: SUN_STANDARD

Environment Variables:
JAVA_HOME=D:\SDK\Java\jdk1.8.0_45
PATH=C:\Program Files (x86)\Razer Chroma SDK\bin;C:\Program Files\Razer Chroma SDK\bin;C:\WINDOWS\system32;C:\WINDOWS;C:\WINDOWS\System32\Wbem;C:\WINDOWS\System32\WindowsPowerShell\v1.0\;D:\SDK\Java\jdk1.8.0_45\bin;D:\SDK\apache-maven-3.3.3\bin;D:\SDK\Ruby22\bin;D:\SDK\NodeJs\;E:\win10\Bin\;E:\win10\Git\cmd;C:\Users\Ë§\AppData\Roaming\npm;C:\Users\Ë§\AppData\Local\Microsoft\WindowsApps;C:\Program Files (x86)\NVIDIA Corporation\PhysX\Common;E:\win10\python\Scripts\;E:\win10\python\;E:\win10\Bin\;C:\WINDOWS\system32;C:\WINDOWS;C:\WINDOWS\System32\Wbem;C:\WINDOWS\System32\WindowsPowerShell\v1.0\;D:\SDK\Java\jdk1.8.0_45\bin;E:\win10\Git\cmd;C:\Users\Ë§\AppData\Roaming\npm;C:\Users\Ë§\AppData\Local\Microsoft\WindowsApps;
USERNAME=wangshuai
OS=Windows_NT
PROCESSOR_IDENTIFIER=Intel64 Family 6 Model 58 Stepping 9, GenuineIntel



---------------  S Y S T E M  ---------------

OS: Windows 10.0 , 64 bit Build 14393 (10.0.14393.1198)

CPU:total 8 (4 cores per cpu, 2 threads per core) family 6 model 58 stepping 9, cmov, cx8, fxsr, mmx, sse, sse2, sse3, ssse3, sse4.1, sse4.2, popcnt, avx, aes, clmul, erms, ht, tsc, tscinvbit, tscinv

Memory: 4k page, physical 8334620k(2656804k free), swap 9055516k(1492932k free)

vm_info: Java HotSpot(TM) 64-Bit Server VM (25.45-b02) for windows-amd64 JRE (1.8.0_45-b15), built on Apr 30 2015 12:40:44 by "java_re" with MS VC++ 10.0 (VS2010)

time: Mon Jul 17 09:34:46 2017
elapsed time: 11 seconds (0d 0h 0m 11s)

